2025-02-20 15:04:14,089 [INFO] Starting training using ../C/train.json.gz
2025-02-20 15:05:18,099 [INFO] 
Starting cycle 1 with seed 1
2025-02-20 15:05:22,945 [INFO] 
Starting training cycle 1
2025-02-20 15:05:27,058 [INFO] New best model saved: checkpoints/model_C_cycle_1_epoch_0_loss_0.307_f1_0.864.pth
2025-02-20 15:05:27,058 [INFO] Best validation metrics - Loss: 0.3073, F1: 0.8640
2025-02-20 15:05:36,651 [INFO] Warm-up epochs finished
2025-02-20 15:05:55,858 [INFO] Cycle 1, Epoch 10, LR 1.000e-05, Train Loss: 0.3715, Val Loss: 0.3113, Val F1: 0.8569
2025-02-20 15:06:27,871 [INFO] Cycle 1, Epoch 20, LR 1.000e-05, Train Loss: 0.3671, Val Loss: 0.3127, Val F1: 0.8630
2025-02-20 15:06:59,835 [INFO] Cycle 1, Epoch 30, LR 1.000e-05, Train Loss: 0.3673, Val Loss: 0.3106, Val F1: 0.8586
2025-02-20 15:07:03,034 [INFO] Reloading best model: checkpoints/model_C_cycle_1_epoch_0_loss_0.307_f1_0.864.pth
2025-02-20 15:07:31,766 [INFO] Cycle 1, Epoch 40, LR 7.000e-06, Train Loss: 0.3735, Val Loss: 0.3169, Val F1: 0.8604
2025-02-20 15:07:34,963 [INFO] Reloading best model: checkpoints/model_C_cycle_1_epoch_0_loss_0.307_f1_0.864.pth
2025-02-20 15:07:57,326 [INFO] New best model saved: checkpoints/model_C_cycle_1_epoch_47_loss_0.305_f1_0.866.pth
2025-02-20 15:07:57,326 [INFO] Best validation metrics - Loss: 0.3048, F1: 0.8657
2025-02-20 15:08:03,723 [INFO] Cycle 1, Epoch 50, LR 4.900e-06, Train Loss: 0.3755, Val Loss: 0.3099, Val F1: 0.8587
2025-02-20 15:08:35,761 [INFO] Cycle 1, Epoch 60, LR 3.430e-06, Train Loss: 0.3698, Val Loss: 0.3082, Val F1: 0.8570
2025-02-20 15:09:07,777 [INFO] Cycle 1, Epoch 70, LR 3.430e-06, Train Loss: 0.3710, Val Loss: 0.3174, Val F1: 0.8609
2025-02-20 15:09:39,777 [INFO] Cycle 1, Epoch 80, LR 2.401e-06, Train Loss: 0.3657, Val Loss: 0.3090, Val F1: 0.8604
2025-02-20 15:09:42,980 [INFO] Reloading best model: checkpoints/model_C_cycle_1_epoch_47_loss_0.305_f1_0.866.pth
2025-02-20 15:10:11,750 [INFO] Cycle 1, Epoch 90, LR 1.681e-06, Train Loss: 0.3705, Val Loss: 0.3081, Val F1: 0.8588
2025-02-20 15:10:14,950 [INFO] Reloading best model: checkpoints/model_C_cycle_1_epoch_47_loss_0.305_f1_0.866.pth
2025-02-20 15:10:40,546 [INFO] Early stopping triggered at epoch 98
2025-02-20 15:10:40,547 [INFO] Cycle 1 completed:
2025-02-20 15:10:40,547 [INFO] - Final validation loss: 0.3048
2025-02-20 15:10:40,547 [INFO] - Final F1 score: 0.8657
2025-02-20 15:10:40,547 [INFO] 
Starting cycle 2 with seed 2
2025-02-20 15:10:45,476 [INFO] 
Starting training cycle 2
2025-02-20 15:10:48,787 [INFO] New best model saved: checkpoints/model_C_cycle_2_epoch_0_loss_0.317_f1_0.864.pth
2025-02-20 15:10:48,787 [INFO] Best validation metrics - Loss: 0.3171, F1: 0.8636
2025-02-20 15:10:52,066 [INFO] New best model saved: checkpoints/model_C_cycle_2_epoch_1_loss_0.317_f1_0.865.pth
2025-02-20 15:10:52,066 [INFO] Best validation metrics - Loss: 0.3173, F1: 0.8646
2025-02-20 15:10:55,350 [INFO] New best model saved: checkpoints/model_C_cycle_2_epoch_2_loss_0.323_f1_0.866.pth
2025-02-20 15:10:55,350 [INFO] Best validation metrics - Loss: 0.3235, F1: 0.8664
2025-02-20 15:10:58,634 [INFO] New best model saved: checkpoints/model_C_cycle_2_epoch_3_loss_0.317_f1_0.868.pth
2025-02-20 15:10:58,634 [INFO] Best validation metrics - Loss: 0.3170, F1: 0.8683
2025-02-20 15:10:58,634 [INFO] Warm-up epochs finished
2025-02-20 15:11:01,917 [INFO] New best model saved: checkpoints/model_C_cycle_2_epoch_4_loss_0.315_f1_0.869.pth
2025-02-20 15:11:01,917 [INFO] Best validation metrics - Loss: 0.3152, F1: 0.8685
2025-02-20 15:11:05,199 [INFO] New best model saved: checkpoints/model_C_cycle_2_epoch_5_loss_0.314_f1_0.870.pth
2025-02-20 15:11:05,199 [INFO] Best validation metrics - Loss: 0.3142, F1: 0.8704
2025-02-20 15:11:18,318 [INFO] Cycle 2, Epoch 10, LR 1.000e-05, Train Loss: 0.3882, Val Loss: 0.3120, Val F1: 0.8714
2025-02-20 15:11:18,322 [INFO] New best model saved: checkpoints/model_C_cycle_2_epoch_9_loss_0.312_f1_0.871.pth
2025-02-20 15:11:18,322 [INFO] Best validation metrics - Loss: 0.3120, F1: 0.8714
2025-02-20 15:11:51,103 [INFO] Cycle 2, Epoch 20, LR 1.000e-05, Train Loss: 0.3791, Val Loss: 0.3149, Val F1: 0.8641
2025-02-20 15:12:23,907 [INFO] Cycle 2, Epoch 30, LR 7.000e-06, Train Loss: 0.3767, Val Loss: 0.3160, Val F1: 0.8685
2025-02-20 15:12:56,712 [INFO] Cycle 2, Epoch 40, LR 4.900e-06, Train Loss: 0.3767, Val Loss: 0.3161, Val F1: 0.8689
2025-02-20 15:12:59,994 [INFO] New best model saved: checkpoints/model_C_cycle_2_epoch_40_loss_0.306_f1_0.872.pth
2025-02-20 15:12:59,994 [INFO] Best validation metrics - Loss: 0.3064, F1: 0.8717
2025-02-20 15:13:29,558 [INFO] Cycle 2, Epoch 50, LR 4.900e-06, Train Loss: 0.3740, Val Loss: 0.3194, Val F1: 0.8683
2025-02-20 15:14:02,371 [INFO] Cycle 2, Epoch 60, LR 3.430e-06, Train Loss: 0.3736, Val Loss: 0.3186, Val F1: 0.8669
2025-02-20 15:14:15,495 [INFO] New best model saved: checkpoints/model_C_cycle_2_epoch_63_loss_0.310_f1_0.872.pth
2025-02-20 15:14:15,495 [INFO] Best validation metrics - Loss: 0.3099, F1: 0.8720
2025-02-20 15:14:35,197 [INFO] Cycle 2, Epoch 70, LR 2.401e-06, Train Loss: 0.3748, Val Loss: 0.3137, Val F1: 0.8681
2025-02-20 15:15:08,058 [INFO] Cycle 2, Epoch 80, LR 1.681e-06, Train Loss: 0.3708, Val Loss: 0.3191, Val F1: 0.8634
2025-02-20 15:15:40,937 [INFO] Cycle 2, Epoch 90, LR 1.176e-06, Train Loss: 0.3739, Val Loss: 0.3134, Val F1: 0.8641
2025-02-20 15:15:44,229 [INFO] Reloading best model: checkpoints/model_C_cycle_2_epoch_63_loss_0.310_f1_0.872.pth
2025-02-20 15:16:13,793 [INFO] Cycle 2, Epoch 100, LR 1.000e-06, Train Loss: 0.3705, Val Loss: 0.3142, Val F1: 0.8679
2025-02-20 15:16:17,079 [INFO] Reloading best model: checkpoints/model_C_cycle_2_epoch_63_loss_0.310_f1_0.872.pth
2025-02-20 15:16:46,642 [INFO] Cycle 2, Epoch 110, LR 1.000e-06, Train Loss: 0.3730, Val Loss: 0.3142, Val F1: 0.8695
2025-02-20 15:16:49,929 [INFO] Reloading best model: checkpoints/model_C_cycle_2_epoch_63_loss_0.310_f1_0.872.pth
2025-02-20 15:17:03,078 [INFO] Early stopping triggered at epoch 114
2025-02-20 15:17:03,079 [INFO] Cycle 2 completed:
2025-02-20 15:17:03,079 [INFO] - Final validation loss: 0.3099
2025-02-20 15:17:03,079 [INFO] - Final F1 score: 0.8720
2025-02-20 15:17:03,079 [INFO] 
Starting cycle 3 with seed 3
2025-02-20 15:17:07,540 [INFO] 
Starting training cycle 3
2025-02-20 15:17:10,692 [INFO] New best model saved: checkpoints/model_C_cycle_3_epoch_0_loss_0.370_f1_0.847.pth
2025-02-20 15:17:10,693 [INFO] Best validation metrics - Loss: 0.3705, F1: 0.8465
2025-02-20 15:17:13,866 [INFO] New best model saved: checkpoints/model_C_cycle_3_epoch_1_loss_0.366_f1_0.851.pth
2025-02-20 15:17:13,866 [INFO] Best validation metrics - Loss: 0.3662, F1: 0.8515
2025-02-20 15:17:20,155 [INFO] Warm-up epochs finished
2025-02-20 15:17:39,063 [INFO] Cycle 3, Epoch 10, LR 1.000e-05, Train Loss: 0.4429, Val Loss: 0.3588, Val F1: 0.8469
2025-02-20 15:18:10,484 [INFO] Cycle 3, Epoch 20, LR 7.000e-06, Train Loss: 0.4361, Val Loss: 0.3633, Val F1: 0.8447
2025-02-20 15:18:41,921 [INFO] Cycle 3, Epoch 30, LR 4.900e-06, Train Loss: 0.4350, Val Loss: 0.3626, Val F1: 0.8449
2025-02-20 15:18:45,063 [INFO] Reloading best model: checkpoints/model_C_cycle_3_epoch_1_loss_0.366_f1_0.851.pth
2025-02-20 15:19:13,157 [INFO] Cycle 3, Epoch 40, LR 4.900e-06, Train Loss: 0.4438, Val Loss: 0.3651, Val F1: 0.8477
2025-02-20 15:19:16,241 [INFO] Reloading best model: checkpoints/model_C_cycle_3_epoch_1_loss_0.366_f1_0.851.pth
2025-02-20 15:19:34,705 [INFO] New best model saved: checkpoints/model_C_cycle_3_epoch_46_loss_0.361_f1_0.852.pth
2025-02-20 15:19:34,705 [INFO] Best validation metrics - Loss: 0.3610, F1: 0.8518
2025-02-20 15:19:43,936 [INFO] Cycle 3, Epoch 50, LR 3.430e-06, Train Loss: 0.4439, Val Loss: 0.3623, Val F1: 0.8429
2025-02-20 15:20:14,713 [INFO] Cycle 3, Epoch 60, LR 2.401e-06, Train Loss: 0.4432, Val Loss: 0.3618, Val F1: 0.8478
2025-02-20 15:20:39,338 [INFO] New best model saved: checkpoints/model_C_cycle_3_epoch_67_loss_0.355_f1_0.853.pth
2025-02-20 15:20:39,338 [INFO] Best validation metrics - Loss: 0.3554, F1: 0.8530
2025-02-20 15:20:45,494 [INFO] Cycle 3, Epoch 70, LR 2.401e-06, Train Loss: 0.4386, Val Loss: 0.3603, Val F1: 0.8470
2025-02-20 15:21:16,278 [INFO] Cycle 3, Epoch 80, LR 1.681e-06, Train Loss: 0.4368, Val Loss: 0.3554, Val F1: 0.8528
2025-02-20 15:21:47,059 [INFO] Cycle 3, Epoch 90, LR 1.681e-06, Train Loss: 0.4367, Val Loss: 0.3595, Val F1: 0.8435
2025-02-20 15:22:17,847 [INFO] Cycle 3, Epoch 100, LR 1.176e-06, Train Loss: 0.4398, Val Loss: 0.3585, Val F1: 0.8444
2025-02-20 15:22:20,934 [INFO] Reloading best model: checkpoints/model_C_cycle_3_epoch_67_loss_0.355_f1_0.853.pth
2025-02-20 15:22:48,647 [INFO] Cycle 3, Epoch 110, LR 1.000e-06, Train Loss: 0.4395, Val Loss: 0.3604, Val F1: 0.8478
2025-02-20 15:22:51,730 [INFO] Reloading best model: checkpoints/model_C_cycle_3_epoch_67_loss_0.355_f1_0.853.pth
2025-02-20 15:23:16,356 [INFO] Early stopping triggered at epoch 118
2025-02-20 15:23:16,356 [INFO] Cycle 3 completed:
2025-02-20 15:23:16,356 [INFO] - Final validation loss: 0.3554
2025-02-20 15:23:16,356 [INFO] - Final F1 score: 0.8530
2025-02-20 15:23:16,357 [INFO] 
Starting cycle 4 with seed 4
2025-02-20 15:23:20,693 [INFO] 
Starting training cycle 4
2025-02-20 15:23:23,879 [INFO] New best model saved: checkpoints/model_C_cycle_4_epoch_0_loss_0.318_f1_0.856.pth
2025-02-20 15:23:23,879 [INFO] Best validation metrics - Loss: 0.3178, F1: 0.8560
2025-02-20 15:23:33,379 [INFO] Warm-up epochs finished
2025-02-20 15:23:52,328 [INFO] Cycle 4, Epoch 10, LR 1.000e-05, Train Loss: 0.3861, Val Loss: 0.3154, Val F1: 0.8499
2025-02-20 15:24:23,902 [INFO] Cycle 4, Epoch 20, LR 1.000e-05, Train Loss: 0.3799, Val Loss: 0.3215, Val F1: 0.8492
2025-02-20 15:24:33,373 [INFO] New best model saved: checkpoints/model_C_cycle_4_epoch_22_loss_0.314_f1_0.856.pth
2025-02-20 15:24:33,374 [INFO] Best validation metrics - Loss: 0.3138, F1: 0.8563
2025-02-20 15:24:55,485 [INFO] Cycle 4, Epoch 30, LR 1.000e-05, Train Loss: 0.3768, Val Loss: 0.3200, Val F1: 0.8498
2025-02-20 15:25:27,057 [INFO] Cycle 4, Epoch 40, LR 7.000e-06, Train Loss: 0.3732, Val Loss: 0.3163, Val F1: 0.8519
2025-02-20 15:25:58,637 [INFO] Cycle 4, Epoch 50, LR 4.900e-06, Train Loss: 0.3724, Val Loss: 0.3173, Val F1: 0.8523
2025-02-20 15:26:01,798 [INFO] Reloading best model: checkpoints/model_C_cycle_4_epoch_22_loss_0.314_f1_0.856.pth
2025-02-20 15:26:30,174 [INFO] Cycle 4, Epoch 60, LR 3.430e-06, Train Loss: 0.3770, Val Loss: 0.3125, Val F1: 0.8543
2025-02-20 15:26:33,330 [INFO] Reloading best model: checkpoints/model_C_cycle_4_epoch_22_loss_0.314_f1_0.856.pth
2025-02-20 15:27:01,709 [INFO] Cycle 4, Epoch 70, LR 2.401e-06, Train Loss: 0.3770, Val Loss: 0.3231, Val F1: 0.8484
2025-02-20 15:27:04,869 [INFO] Reloading best model: checkpoints/model_C_cycle_4_epoch_22_loss_0.314_f1_0.856.pth
2025-02-20 15:27:14,334 [INFO] Early stopping triggered at epoch 73
2025-02-20 15:27:14,335 [INFO] Cycle 4 completed:
2025-02-20 15:27:14,335 [INFO] - Final validation loss: 0.3138
2025-02-20 15:27:14,335 [INFO] - Final F1 score: 0.8563
2025-02-20 15:27:14,335 [INFO] 
Starting cycle 5 with seed 5
2025-02-20 15:27:18,667 [INFO] 
Starting training cycle 5
2025-02-20 15:27:21,786 [INFO] New best model saved: checkpoints/model_C_cycle_5_epoch_0_loss_0.349_f1_0.843.pth
2025-02-20 15:27:21,786 [INFO] Best validation metrics - Loss: 0.3494, F1: 0.8427
2025-02-20 15:27:24,899 [INFO] New best model saved: checkpoints/model_C_cycle_5_epoch_1_loss_0.345_f1_0.844.pth
2025-02-20 15:27:24,899 [INFO] Best validation metrics - Loss: 0.3453, F1: 0.8436
2025-02-20 15:27:28,010 [INFO] New best model saved: checkpoints/model_C_cycle_5_epoch_2_loss_0.350_f1_0.846.pth
2025-02-20 15:27:28,010 [INFO] Best validation metrics - Loss: 0.3496, F1: 0.8455
2025-02-20 15:27:31,121 [INFO] Warm-up epochs finished
2025-02-20 15:27:37,338 [INFO] New best model saved: checkpoints/model_C_cycle_5_epoch_5_loss_0.353_f1_0.846.pth
2025-02-20 15:27:37,338 [INFO] Best validation metrics - Loss: 0.3526, F1: 0.8465
2025-02-20 15:27:49,769 [INFO] Cycle 5, Epoch 10, LR 1.000e-05, Train Loss: 0.4062, Val Loss: 0.3523, Val F1: 0.8451
2025-02-20 15:28:08,429 [INFO] New best model saved: checkpoints/model_C_cycle_5_epoch_15_loss_0.358_f1_0.847.pth
2025-02-20 15:28:08,429 [INFO] Best validation metrics - Loss: 0.3581, F1: 0.8465
2025-02-20 15:28:20,870 [INFO] Cycle 5, Epoch 20, LR 1.000e-05, Train Loss: 0.4006, Val Loss: 0.3511, Val F1: 0.8433
2025-02-20 15:28:52,003 [INFO] Cycle 5, Epoch 30, LR 7.000e-06, Train Loss: 0.3990, Val Loss: 0.3545, Val F1: 0.8457
2025-02-20 15:29:23,095 [INFO] Cycle 5, Epoch 40, LR 4.900e-06, Train Loss: 0.3929, Val Loss: 0.3517, Val F1: 0.8435
2025-02-20 15:29:54,192 [INFO] Cycle 5, Epoch 50, LR 3.430e-06, Train Loss: 0.3952, Val Loss: 0.3545, Val F1: 0.8457
2025-02-20 15:29:57,306 [INFO] Reloading best model: checkpoints/model_C_cycle_5_epoch_15_loss_0.358_f1_0.847.pth
2025-02-20 15:30:25,311 [INFO] Cycle 5, Epoch 60, LR 3.430e-06, Train Loss: 0.3994, Val Loss: 0.3509, Val F1: 0.8435
2025-02-20 15:30:28,427 [INFO] Reloading best model: checkpoints/model_C_cycle_5_epoch_15_loss_0.358_f1_0.847.pth
2025-02-20 15:30:47,087 [INFO] Early stopping triggered at epoch 66
2025-02-20 15:30:47,088 [INFO] Cycle 5 completed:
2025-02-20 15:30:47,088 [INFO] - Final validation loss: 0.3581
2025-02-20 15:30:47,088 [INFO] - Final F1 score: 0.8465
2025-02-20 15:30:47,088 [INFO] 
Starting cycle 6 with seed 6
2025-02-20 15:30:51,269 [INFO] 
Starting training cycle 6
2025-02-20 15:30:54,486 [INFO] New best model saved: checkpoints/model_C_cycle_6_epoch_0_loss_0.322_f1_0.854.pth
2025-02-20 15:30:54,486 [INFO] Best validation metrics - Loss: 0.3220, F1: 0.8545
2025-02-20 15:30:57,669 [INFO] New best model saved: checkpoints/model_C_cycle_6_epoch_1_loss_0.316_f1_0.864.pth
2025-02-20 15:30:57,669 [INFO] Best validation metrics - Loss: 0.3163, F1: 0.8637
2025-02-20 15:31:00,853 [INFO] New best model saved: checkpoints/model_C_cycle_6_epoch_2_loss_0.317_f1_0.864.pth
2025-02-20 15:31:00,853 [INFO] Best validation metrics - Loss: 0.3172, F1: 0.8645
2025-02-20 15:31:04,029 [INFO] Warm-up epochs finished
2025-02-20 15:31:13,579 [INFO] New best model saved: checkpoints/model_C_cycle_6_epoch_6_loss_0.317_f1_0.867.pth
2025-02-20 15:31:13,579 [INFO] Best validation metrics - Loss: 0.3174, F1: 0.8668
2025-02-20 15:31:23,122 [INFO] Cycle 6, Epoch 10, LR 1.000e-05, Train Loss: 0.3807, Val Loss: 0.3105, Val F1: 0.8632
2025-02-20 15:31:54,920 [INFO] Cycle 6, Epoch 20, LR 7.000e-06, Train Loss: 0.3761, Val Loss: 0.3193, Val F1: 0.8631
2025-02-20 15:31:58,102 [INFO] New best model saved: checkpoints/model_C_cycle_6_epoch_20_loss_0.309_f1_0.871.pth
2025-02-20 15:31:58,102 [INFO] Best validation metrics - Loss: 0.3089, F1: 0.8713
2025-02-20 15:32:26,717 [INFO] Cycle 6, Epoch 30, LR 7.000e-06, Train Loss: 0.3714, Val Loss: 0.3164, Val F1: 0.8602
2025-02-20 15:32:58,500 [INFO] Cycle 6, Epoch 40, LR 4.900e-06, Train Loss: 0.3740, Val Loss: 0.3161, Val F1: 0.8620
2025-02-20 15:33:30,279 [INFO] Cycle 6, Epoch 50, LR 3.430e-06, Train Loss: 0.3703, Val Loss: 0.3135, Val F1: 0.8639
2025-02-20 15:33:33,462 [INFO] Reloading best model: checkpoints/model_C_cycle_6_epoch_20_loss_0.309_f1_0.871.pth
2025-02-20 15:34:02,196 [INFO] Cycle 6, Epoch 60, LR 2.401e-06, Train Loss: 0.3746, Val Loss: 0.3117, Val F1: 0.8621
2025-02-20 15:34:05,390 [INFO] Reloading best model: checkpoints/model_C_cycle_6_epoch_20_loss_0.309_f1_0.871.pth
2025-02-20 15:34:34,015 [INFO] Cycle 6, Epoch 70, LR 1.681e-06, Train Loss: 0.3737, Val Loss: 0.3097, Val F1: 0.8683
2025-02-20 15:34:37,200 [INFO] Reloading best model: checkpoints/model_C_cycle_6_epoch_20_loss_0.309_f1_0.871.pth
2025-02-20 15:34:40,391 [INFO] Early stopping triggered at epoch 71
2025-02-20 15:34:40,392 [INFO] Cycle 6 completed:
2025-02-20 15:34:40,392 [INFO] - Final validation loss: 0.3089
2025-02-20 15:34:40,392 [INFO] - Final F1 score: 0.8713
2025-02-20 15:34:40,392 [INFO] 
Starting cycle 7 with seed 7
2025-02-20 15:34:44,732 [INFO] 
Starting training cycle 7
2025-02-20 15:34:47,860 [INFO] New best model saved: checkpoints/model_C_cycle_7_epoch_0_loss_0.328_f1_0.862.pth
2025-02-20 15:34:47,861 [INFO] Best validation metrics - Loss: 0.3276, F1: 0.8616
2025-02-20 15:34:50,974 [INFO] New best model saved: checkpoints/model_C_cycle_7_epoch_1_loss_0.328_f1_0.863.pth
2025-02-20 15:34:50,974 [INFO] Best validation metrics - Loss: 0.3278, F1: 0.8627
2025-02-20 15:34:57,191 [INFO] Warm-up epochs finished
2025-02-20 15:35:15,860 [INFO] Cycle 7, Epoch 10, LR 1.000e-05, Train Loss: 0.3772, Val Loss: 0.3299, Val F1: 0.8539
2025-02-20 15:35:46,980 [INFO] Cycle 7, Epoch 20, LR 7.000e-06, Train Loss: 0.3707, Val Loss: 0.3276, Val F1: 0.8568
2025-02-20 15:35:50,094 [INFO] New best model saved: checkpoints/model_C_cycle_7_epoch_20_loss_0.325_f1_0.864.pth
2025-02-20 15:35:50,094 [INFO] Best validation metrics - Loss: 0.3245, F1: 0.8637
2025-02-20 15:36:18,109 [INFO] Cycle 7, Epoch 30, LR 7.000e-06, Train Loss: 0.3694, Val Loss: 0.3299, Val F1: 0.8528
2025-02-20 15:36:49,320 [INFO] Cycle 7, Epoch 40, LR 4.900e-06, Train Loss: 0.3654, Val Loss: 0.3315, Val F1: 0.8554
2025-02-20 15:37:21,817 [INFO] Cycle 7, Epoch 50, LR 3.430e-06, Train Loss: 0.3660, Val Loss: 0.3285, Val F1: 0.8589
2025-02-20 15:37:25,069 [INFO] Reloading best model: checkpoints/model_C_cycle_7_epoch_20_loss_0.325_f1_0.864.pth
2025-02-20 15:37:54,352 [INFO] Cycle 7, Epoch 60, LR 2.401e-06, Train Loss: 0.3709, Val Loss: 0.3288, Val F1: 0.8569
2025-02-20 15:37:57,609 [INFO] Reloading best model: checkpoints/model_C_cycle_7_epoch_20_loss_0.325_f1_0.864.pth
2025-02-20 15:38:26,860 [INFO] Cycle 7, Epoch 70, LR 1.681e-06, Train Loss: 0.3703, Val Loss: 0.3244, Val F1: 0.8558
2025-02-20 15:38:30,115 [INFO] Reloading best model: checkpoints/model_C_cycle_7_epoch_20_loss_0.325_f1_0.864.pth
2025-02-20 15:38:33,367 [INFO] Early stopping triggered at epoch 71
2025-02-20 15:38:33,367 [INFO] Cycle 7 completed:
2025-02-20 15:38:33,367 [INFO] - Final validation loss: 0.3245
2025-02-20 15:38:33,368 [INFO] - Final F1 score: 0.8637
2025-02-20 15:38:33,368 [INFO] 
Starting cycle 8 with seed 8
2025-02-20 15:38:37,687 [INFO] 
Starting training cycle 8
2025-02-20 15:38:41,049 [INFO] New best model saved: checkpoints/model_C_cycle_8_epoch_0_loss_0.345_f1_0.854.pth
2025-02-20 15:38:41,049 [INFO] Best validation metrics - Loss: 0.3447, F1: 0.8540
2025-02-20 15:38:51,047 [INFO] New best model saved: checkpoints/model_C_cycle_8_epoch_3_loss_0.333_f1_0.854.pth
2025-02-20 15:38:51,047 [INFO] Best validation metrics - Loss: 0.3327, F1: 0.8545
2025-02-20 15:38:51,047 [INFO] Warm-up epochs finished
2025-02-20 15:39:11,014 [INFO] Cycle 8, Epoch 10, LR 1.000e-05, Train Loss: 0.4085, Val Loss: 0.3379, Val F1: 0.8568
2025-02-20 15:39:11,018 [INFO] New best model saved: checkpoints/model_C_cycle_8_epoch_9_loss_0.338_f1_0.857.pth
2025-02-20 15:39:11,018 [INFO] Best validation metrics - Loss: 0.3379, F1: 0.8568
2025-02-20 15:39:44,291 [INFO] Cycle 8, Epoch 20, LR 1.000e-05, Train Loss: 0.4061, Val Loss: 0.3407, Val F1: 0.8539
2025-02-20 15:40:04,260 [INFO] New best model saved: checkpoints/model_C_cycle_8_epoch_25_loss_0.338_f1_0.858.pth
2025-02-20 15:40:04,260 [INFO] Best validation metrics - Loss: 0.3381, F1: 0.8582
2025-02-20 15:40:17,565 [INFO] Cycle 8, Epoch 30, LR 7.000e-06, Train Loss: 0.3990, Val Loss: 0.3334, Val F1: 0.8557
2025-02-20 15:40:50,843 [INFO] Cycle 8, Epoch 40, LR 4.900e-06, Train Loss: 0.3972, Val Loss: 0.3339, Val F1: 0.8543
2025-02-20 15:41:14,133 [INFO] New best model saved: checkpoints/model_C_cycle_8_epoch_46_loss_0.338_f1_0.859.pth
2025-02-20 15:41:14,133 [INFO] Best validation metrics - Loss: 0.3381, F1: 0.8590
2025-02-20 15:41:24,120 [INFO] Cycle 8, Epoch 50, LR 4.900e-06, Train Loss: 0.3949, Val Loss: 0.3414, Val F1: 0.8475
2025-02-20 15:41:57,392 [INFO] Cycle 8, Epoch 60, LR 3.430e-06, Train Loss: 0.3950, Val Loss: 0.3355, Val F1: 0.8564
2025-02-20 15:42:30,668 [INFO] Cycle 8, Epoch 70, LR 2.401e-06, Train Loss: 0.3918, Val Loss: 0.3369, Val F1: 0.8556
2025-02-20 15:43:03,958 [INFO] Cycle 8, Epoch 80, LR 2.401e-06, Train Loss: 0.3940, Val Loss: 0.3386, Val F1: 0.8540
2025-02-20 15:43:07,293 [INFO] Reloading best model: checkpoints/model_C_cycle_8_epoch_46_loss_0.338_f1_0.859.pth
2025-02-20 15:43:37,404 [INFO] Cycle 8, Epoch 90, LR 1.681e-06, Train Loss: 0.3964, Val Loss: 0.3417, Val F1: 0.8551
2025-02-20 15:43:40,767 [INFO] Reloading best model: checkpoints/model_C_cycle_8_epoch_46_loss_0.338_f1_0.859.pth
2025-02-20 15:44:04,088 [INFO] Early stopping triggered at epoch 97
2025-02-20 15:44:04,088 [INFO] Cycle 8 completed:
2025-02-20 15:44:04,089 [INFO] - Final validation loss: 0.3381
2025-02-20 15:44:04,089 [INFO] - Final F1 score: 0.8590
2025-02-20 15:44:04,089 [INFO] 
Starting cycle 9 with seed 9
2025-02-20 15:44:08,566 [INFO] 
Starting training cycle 9
2025-02-20 15:44:11,858 [INFO] New best model saved: checkpoints/model_C_cycle_9_epoch_0_loss_0.320_f1_0.863.pth
2025-02-20 15:44:11,858 [INFO] Best validation metrics - Loss: 0.3196, F1: 0.8632
2025-02-20 15:44:15,133 [INFO] New best model saved: checkpoints/model_C_cycle_9_epoch_1_loss_0.318_f1_0.865.pth
2025-02-20 15:44:15,133 [INFO] Best validation metrics - Loss: 0.3182, F1: 0.8647
2025-02-20 15:44:21,684 [INFO] Warm-up epochs finished
2025-02-20 15:44:38,053 [INFO] New best model saved: checkpoints/model_C_cycle_9_epoch_8_loss_0.321_f1_0.866.pth
2025-02-20 15:44:38,053 [INFO] Best validation metrics - Loss: 0.3215, F1: 0.8659
2025-02-20 15:44:41,324 [INFO] Cycle 9, Epoch 10, LR 1.000e-05, Train Loss: 0.3953, Val Loss: 0.3186, Val F1: 0.8616
2025-02-20 15:45:14,082 [INFO] Cycle 9, Epoch 20, LR 1.000e-05, Train Loss: 0.3947, Val Loss: 0.3123, Val F1: 0.8647
2025-02-20 15:45:17,361 [INFO] New best model saved: checkpoints/model_C_cycle_9_epoch_20_loss_0.317_f1_0.867.pth
2025-02-20 15:45:17,361 [INFO] Best validation metrics - Loss: 0.3171, F1: 0.8666
2025-02-20 15:45:20,639 [INFO] New best model saved: checkpoints/model_C_cycle_9_epoch_21_loss_0.320_f1_0.867.pth
2025-02-20 15:45:20,639 [INFO] Best validation metrics - Loss: 0.3203, F1: 0.8675
2025-02-20 15:45:30,463 [INFO] New best model saved: checkpoints/model_C_cycle_9_epoch_24_loss_0.316_f1_0.869.pth
2025-02-20 15:45:30,463 [INFO] Best validation metrics - Loss: 0.3156, F1: 0.8693
2025-02-20 15:45:46,841 [INFO] Cycle 9, Epoch 30, LR 7.000e-06, Train Loss: 0.3869, Val Loss: 0.3218, Val F1: 0.8642
2025-02-20 15:46:19,589 [INFO] Cycle 9, Epoch 40, LR 4.900e-06, Train Loss: 0.3883, Val Loss: 0.3184, Val F1: 0.8721
2025-02-20 15:46:19,593 [INFO] New best model saved: checkpoints/model_C_cycle_9_epoch_39_loss_0.318_f1_0.872.pth
2025-02-20 15:46:19,593 [INFO] Best validation metrics - Loss: 0.3184, F1: 0.8721
2025-02-20 15:46:52,342 [INFO] Cycle 9, Epoch 50, LR 4.900e-06, Train Loss: 0.3853, Val Loss: 0.3170, Val F1: 0.8697
2025-02-20 15:47:25,098 [INFO] Cycle 9, Epoch 60, LR 3.430e-06, Train Loss: 0.3831, Val Loss: 0.3169, Val F1: 0.8665
2025-02-20 15:47:57,874 [INFO] Cycle 9, Epoch 70, LR 2.401e-06, Train Loss: 0.3835, Val Loss: 0.3189, Val F1: 0.8628
2025-02-20 15:48:01,153 [INFO] Reloading best model: checkpoints/model_C_cycle_9_epoch_39_loss_0.318_f1_0.872.pth
2025-02-20 15:48:30,661 [INFO] Cycle 9, Epoch 80, LR 1.681e-06, Train Loss: 0.3898, Val Loss: 0.3238, Val F1: 0.8631
2025-02-20 15:48:33,942 [INFO] Reloading best model: checkpoints/model_C_cycle_9_epoch_39_loss_0.318_f1_0.872.pth
2025-02-20 15:49:03,411 [INFO] Cycle 9, Epoch 90, LR 1.176e-06, Train Loss: 0.3880, Val Loss: 0.3229, Val F1: 0.8616
2025-02-20 15:49:06,710 [INFO] Reloading best model: checkpoints/model_C_cycle_9_epoch_39_loss_0.318_f1_0.872.pth
2025-02-20 15:49:06,710 [INFO] Early stopping triggered at epoch 90
2025-02-20 15:49:06,710 [INFO] Cycle 9 completed:
2025-02-20 15:49:06,711 [INFO] - Final validation loss: 0.3184
2025-02-20 15:49:06,711 [INFO] - Final F1 score: 0.8721
2025-02-20 15:49:06,711 [INFO] 
Starting cycle 10 with seed 10
2025-02-20 15:49:11,193 [INFO] 
Starting training cycle 10
2025-02-20 15:49:14,572 [INFO] New best model saved: checkpoints/model_C_cycle_10_epoch_0_loss_0.310_f1_0.871.pth
2025-02-20 15:49:14,572 [INFO] Best validation metrics - Loss: 0.3102, F1: 0.8713
2025-02-20 15:49:21,258 [INFO] New best model saved: checkpoints/model_C_cycle_10_epoch_2_loss_0.308_f1_0.873.pth
2025-02-20 15:49:21,258 [INFO] Best validation metrics - Loss: 0.3084, F1: 0.8726
2025-02-20 15:49:24,598 [INFO] Warm-up epochs finished
2025-02-20 15:49:44,651 [INFO] Cycle 10, Epoch 10, LR 1.000e-05, Train Loss: 0.3720, Val Loss: 0.3078, Val F1: 0.8680
2025-02-20 15:50:18,064 [INFO] Cycle 10, Epoch 20, LR 1.000e-05, Train Loss: 0.3708, Val Loss: 0.3073, Val F1: 0.8689
2025-02-20 15:50:51,480 [INFO] Cycle 10, Epoch 30, LR 7.000e-06, Train Loss: 0.3660, Val Loss: 0.3082, Val F1: 0.8663
2025-02-20 15:50:54,824 [INFO] Reloading best model: checkpoints/model_C_cycle_10_epoch_2_loss_0.308_f1_0.873.pth
2025-02-20 15:51:11,575 [INFO] New best model saved: checkpoints/model_C_cycle_10_epoch_35_loss_0.309_f1_0.873.pth
2025-02-20 15:51:11,576 [INFO] Best validation metrics - Loss: 0.3088, F1: 0.8734
2025-02-20 15:51:24,969 [INFO] Cycle 10, Epoch 40, LR 7.000e-06, Train Loss: 0.3745, Val Loss: 0.3128, Val F1: 0.8698
2025-02-20 15:51:58,465 [INFO] Cycle 10, Epoch 50, LR 4.900e-06, Train Loss: 0.3696, Val Loss: 0.3084, Val F1: 0.8616
2025-02-20 15:52:31,957 [INFO] Cycle 10, Epoch 60, LR 3.430e-06, Train Loss: 0.3692, Val Loss: 0.3077, Val F1: 0.8697
2025-02-20 15:53:05,454 [INFO] Cycle 10, Epoch 70, LR 2.401e-06, Train Loss: 0.3677, Val Loss: 0.3096, Val F1: 0.8650
2025-02-20 15:53:08,809 [INFO] Reloading best model: checkpoints/model_C_cycle_10_epoch_35_loss_0.309_f1_0.873.pth
2025-02-20 15:53:38,893 [INFO] Cycle 10, Epoch 80, LR 2.401e-06, Train Loss: 0.3750, Val Loss: 0.3019, Val F1: 0.8707
2025-02-20 15:53:42,241 [INFO] Reloading best model: checkpoints/model_C_cycle_10_epoch_35_loss_0.309_f1_0.873.pth
2025-02-20 15:54:02,315 [INFO] Early stopping triggered at epoch 86
2025-02-20 15:54:02,315 [INFO] Cycle 10 completed:
2025-02-20 15:54:02,316 [INFO] - Final validation loss: 0.3088
2025-02-20 15:54:02,316 [INFO] - Final F1 score: 0.8734
2025-02-20 15:54:02,316 [INFO] Saved paths of the best models to model_paths_C.txt
2025-02-20 15:54:02,335 [INFO] Generating predictions for ../C/test.json.gz
2025-02-20 15:54:18,433 [INFO] Model weights for ensemble:
2025-02-20 15:54:18,433 [INFO] Model: model_C_cycle_1_epoch_47_loss_0.305_f1_0.866.pth
2025-02-20 15:54:18,433 [INFO] - Loss: 0.8657
2025-02-20 15:54:18,433 [INFO] - Weight: 0.1002
2025-02-20 15:54:18,433 [INFO] Model: model_C_cycle_2_epoch_63_loss_0.310_f1_0.872.pth
2025-02-20 15:54:18,433 [INFO] - Loss: 0.8720
2025-02-20 15:54:18,433 [INFO] - Weight: 0.1009
2025-02-20 15:54:18,433 [INFO] Model: model_C_cycle_3_epoch_67_loss_0.355_f1_0.853.pth
2025-02-20 15:54:18,433 [INFO] - Loss: 0.8530
2025-02-20 15:54:18,433 [INFO] - Weight: 0.0990
2025-02-20 15:54:18,433 [INFO] Model: model_C_cycle_4_epoch_22_loss_0.314_f1_0.856.pth
2025-02-20 15:54:18,433 [INFO] - Loss: 0.8563
2025-02-20 15:54:18,433 [INFO] - Weight: 0.0993
2025-02-20 15:54:18,433 [INFO] Model: model_C_cycle_5_epoch_15_loss_0.358_f1_0.847.pth
2025-02-20 15:54:18,433 [INFO] - Loss: 0.8465
2025-02-20 15:54:18,433 [INFO] - Weight: 0.0983
2025-02-20 15:54:18,433 [INFO] Model: model_C_cycle_6_epoch_20_loss_0.309_f1_0.871.pth
2025-02-20 15:54:18,433 [INFO] - Loss: 0.8713
2025-02-20 15:54:18,433 [INFO] - Weight: 0.1008
2025-02-20 15:54:18,433 [INFO] Model: model_C_cycle_7_epoch_20_loss_0.325_f1_0.864.pth
2025-02-20 15:54:18,433 [INFO] - Loss: 0.8637
2025-02-20 15:54:18,433 [INFO] - Weight: 0.1000
2025-02-20 15:54:18,433 [INFO] Model: model_C_cycle_8_epoch_46_loss_0.338_f1_0.859.pth
2025-02-20 15:54:18,433 [INFO] - Loss: 0.8590
2025-02-20 15:54:18,433 [INFO] - Weight: 0.0996
2025-02-20 15:54:18,434 [INFO] Model: model_C_cycle_9_epoch_39_loss_0.318_f1_0.872.pth
2025-02-20 15:54:18,434 [INFO] - Loss: 0.8721
2025-02-20 15:54:18,434 [INFO] - Weight: 0.1009
2025-02-20 15:54:18,434 [INFO] Model: model_C_cycle_10_epoch_35_loss_0.309_f1_0.873.pth
2025-02-20 15:54:18,434 [INFO] - Loss: 0.8734
2025-02-20 15:54:18,434 [INFO] - Weight: 0.1010
2025-02-20 15:54:18,437 [INFO] 
Ensemble prediction statistics:
2025-02-20 15:54:18,437 [INFO] Class 0: 88 samples
2025-02-20 15:54:18,437 [INFO] Class 1: 248 samples
2025-02-20 15:54:18,437 [INFO] Class 2: 893 samples
2025-02-20 15:54:18,437 [INFO] Class 3: 86 samples
2025-02-20 15:54:18,437 [INFO] Class 4: 89 samples
2025-02-20 15:54:18,437 [INFO] Class 5: 126 samples
2025-02-20 15:54:18,437 [INFO] Average confidence: 0.9795
2025-02-20 15:54:18,437 [INFO] Min confidence: 0.4978
2025-02-20 15:54:18,437 [INFO] Max confidence: 1.0000
2025-02-20 15:54:18,450 [INFO] Saved predictions to submission/testset_C.csv
